Arguments: 
  C:\Program Files\nodejs\node.exe C:\Users\Sam Lin\AppData\Roaming\npm\node_modules\yarn\bin\yarn.js add @fortawesome/fontawesome-free

PATH: 
  C:\Program Files (x86)\Common Files\Oracle\Java\javapath;C:\Windows\system32;C:\Windows;C:\Windows\System32\Wbem;C:\Windows\System32\WindowsPowerShell\v1.0\;C:\Windows\System32\OpenSSH\;C:\Program Files (x86)\GtkSharp\2.12\bin;C:\Program Files\dotnet\;C:\Program Files\nodejs\;C:\Program Files\Git\cmd;C:\Program Files (x86)\NVIDIA Corporation\PhysX\Common;C:\Program Files\NVIDIA Corporation\NVIDIA NvDLISR;C:\Program Files\Docker\Docker\resources\bin;C:\Users\Sam Lin\AppData\Local\Microsoft\WindowsApps;;C:\Users\Sam Lin\AppData\Local\Programs\Microsoft VS Code\bin;C:\Users\Sam Lin\AppData\Roaming\npm

Yarn version: 
  1.22.19

Node version: 
  16.17.0

Platform: 
  win32 x64

Trace: 
  Error: EPERM: operation not permitted, unlink 'C:\Users\Sam Lin\OneDrive - A.S. Mazzocchi\桌面\ThemeForestZips\IDO模板\bigtech\node_modules\@next\swc-win32-x64-msvc\next-swc.win32-x64-msvc.node'

npm manifest: 
  {
    "name": "bigtech_next",
    "version": "0.1.0",
    "private": true,
    "scripts": {
      "dev": "next dev",
      "build": "next build",
      "start": "next start",
      "lint": "next lint"
    },
    "dependencies": {
      "@next/font": "13.1.6",
      "next": "13.1.6",
      "react": "18.2.0",
      "react-dom": "18.2.0",
      "bootstrap": "^5.2.3",
      "classnames": "^2.3.2",
      "jquery": "^3.6.3",
      "react-countdown": "^2.3.5",
      "react-odometerjs": "^3.1.0",
      "react-slick": "^0.29.0",
      "slick-carousel": "^1.8.1",
      "wow.js": "^1.2.2"
    }
  }

yarn manifest: 
  No manifest

Lockfile: 
  No lockfile
